<?xml version="1.0" encoding="UTF-8"?>
<testng-results skipped="0" failed="0" total="1" passed="1">
  <reporter-output>
  </reporter-output>
  <suite name="Testng Cucumber Suite" duration-ms="1672" started-at="2019-05-11T17:36:17Z" finished-at="2019-05-11T17:36:19Z">
    <groups>
      <group name="cucumber">
        <method signature="AbstractTestNGCucumberTests.feature(cucumber.api.testng.CucumberFeatureWrapper)[pri:0, instance:main.CucumberRunner@180bc464]" name="feature" class="cucumber.api.testng.AbstractTestNGCucumberTests"/>
      </group> <!-- cucumber -->
    </groups>
    <test name="Run All Tests" duration-ms="1672" started-at="2019-05-11T17:36:17Z" finished-at="2019-05-11T17:36:19Z">
      <class name="main.CucumberRunner">
        <test-method status="PASS" signature="setUp()[pri:0, instance:main.CucumberRunner@180bc464]" name="setUp" is-config="true" duration-ms="6856" started-at="2019-05-11T18:36:11Z" finished-at="2019-05-11T18:36:17Z">
          <reporter-output>
          </reporter-output>
        </test-method> <!-- setUp -->
        <test-method status="PASS" signature="setUpClass()[pri:0, instance:main.CucumberRunner@180bc464]" name="setUpClass" is-config="true" duration-ms="294" started-at="2019-05-11T18:36:17Z" finished-at="2019-05-11T18:36:18Z">
          <reporter-output>
          </reporter-output>
        </test-method> <!-- setUpClass -->
        <test-method status="PASS" signature="feature(cucumber.api.testng.CucumberFeatureWrapper)[pri:0, instance:main.CucumberRunner@180bc464]" name="feature" duration-ms="517" started-at="2019-05-11T18:36:18Z" description="Runs Cucumber Feature" data-provider="features" finished-at="2019-05-11T18:36:18Z">
          <params>
            <param index="0">
              <value>
                <![CDATA[Facebook Login page.]]>
              </value>
            </param>
          </params>
          <reporter-output>
          </reporter-output>
        </test-method> <!-- feature -->
        <test-method status="PASS" signature="tearDownr(org.testng.ITestResult)[pri:0, instance:main.CucumberRunner@180bc464]" name="tearDownr" is-config="true" duration-ms="376" started-at="2019-05-11T18:36:18Z" finished-at="2019-05-11T18:36:19Z">
          <params>
            <param index="0">
              <value>
                <![CDATA[[TestResult name=feature status=SUCCESS method=AbstractTestNGCucumberTests.feature(cucumber.api.testng.CucumberFeatureWrapper)[pri:0, instance:main.CucumberRunner@180bc464] output={null}]]]>
              </value>
            </param>
          </params>
          <reporter-output>
          </reporter-output>
        </test-method> <!-- tearDownr -->
        <test-method status="PASS" signature="takeScreenshot()[pri:0, instance:main.CucumberRunner@180bc464]" name="takeScreenshot" is-config="true" duration-ms="356" started-at="2019-05-11T18:36:19Z" finished-at="2019-05-11T18:36:19Z">
          <reporter-output>
          </reporter-output>
        </test-method> <!-- takeScreenshot -->
        <test-method status="PASS" signature="tearDownClass()[pri:0, instance:main.CucumberRunner@180bc464]" name="tearDownClass" is-config="true" duration-ms="11" started-at="2019-05-11T18:36:19Z" finished-at="2019-05-11T18:36:19Z">
          <reporter-output>
          </reporter-output>
        </test-method> <!-- tearDownClass -->
        <test-method status="PASS" signature="generateHTMLReports()[pri:0, instance:main.CucumberRunner@180bc464]" name="generateHTMLReports" is-config="true" duration-ms="1220" started-at="2019-05-11T18:36:19Z" finished-at="2019-05-11T18:36:20Z">
          <reporter-output>
          </reporter-output>
        </test-method> <!-- generateHTMLReports -->
        <test-method status="PASS" signature="quit()[pri:0, instance:main.CucumberRunner@180bc464]" name="quit" is-config="true" duration-ms="1379" started-at="2019-05-11T18:36:20Z" finished-at="2019-05-11T18:36:22Z">
          <reporter-output>
          </reporter-output>
        </test-method> <!-- quit -->
      </class> <!-- main.CucumberRunner -->
    </test> <!-- Run All Tests -->
  </suite> <!-- Testng Cucumber Suite -->
</testng-results>
